Determining if the pthread_create exist failed with the following output:
Change Dir: /home/nevo/ClionProjects/ex2AP/cmake-build-debug/CMakeFiles/CMakeTmp

Run Build Command:"/usr/bin/make" "cmTC_e5c67/fast"
/usr/bin/make -f CMakeFiles/cmTC_e5c67.dir/build.make CMakeFiles/cmTC_e5c67.dir/build
make[1]: Entering directory '/home/nevo/ClionProjects/ex2AP/cmake-build-debug/CMakeFiles/CMakeTmp'
Building C object CMakeFiles/cmTC_e5c67.dir/CheckSymbolExists.c.o
/usr/bin/cc     -o CMakeFiles/cmTC_e5c67.dir/CheckSymbolExists.c.o   -c /home/nevo/ClionProjects/ex2AP/cmake-build-debug/CMakeFiles/CMakeTmp/CheckSymbolExists.c
Linking C executable cmTC_e5c67
/home/nevo/prog/clion/bin/cmake/bin/cmake -E cmake_link_script CMakeFiles/cmTC_e5c67.dir/link.txt --verbose=1
/usr/bin/cc       CMakeFiles/cmTC_e5c67.dir/CheckSymbolExists.c.o  -o cmTC_e5c67 -rdynamic 
CMakeFiles/cmTC_e5c67.dir/CheckSymbolExists.c.o: In function `main':
CheckSymbolExists.c:(.text+0x16): undefined reference to `pthread_create'
collect2: error: ld returned 1 exit status
CMakeFiles/cmTC_e5c67.dir/build.make:97: recipe for target 'cmTC_e5c67' failed
make[1]: *** [cmTC_e5c67] Error 1
make[1]: Leaving directory '/home/nevo/ClionProjects/ex2AP/cmake-build-debug/CMakeFiles/CMakeTmp'
Makefile:126: recipe for target 'cmTC_e5c67/fast' failed
make: *** [cmTC_e5c67/fast] Error 2

File /home/nevo/ClionProjects/ex2AP/cmake-build-debug/CMakeFiles/CMakeTmp/CheckSymbolExists.c:
/* */
#include <pthread.h>

int main(int argc, char** argv)
{
  (void)argv;
#ifndef pthread_create
  return ((int*)(&pthread_create))[argc];
#else
  (void)argc;
  return 0;
#endif
}

Determining if the function pthread_create exists in the pthreads failed with the following output:
Change Dir: /home/nevo/ClionProjects/ex2AP/cmake-build-debug/CMakeFiles/CMakeTmp

Run Build Command:"/usr/bin/make" "cmTC_94786/fast"
/usr/bin/make -f CMakeFiles/cmTC_94786.dir/build.make CMakeFiles/cmTC_94786.dir/build
make[1]: Entering directory '/home/nevo/ClionProjects/ex2AP/cmake-build-debug/CMakeFiles/CMakeTmp'
Building C object CMakeFiles/cmTC_94786.dir/CheckFunctionExists.c.o
/usr/bin/cc    -DCHECK_FUNCTION_EXISTS=pthread_create   -o CMakeFiles/cmTC_94786.dir/CheckFunctionExists.c.o   -c /home/nevo/prog/clion/bin/cmake/share/cmake-3.6/Modules/CheckFunctionExists.c
Linking C executable cmTC_94786
/home/nevo/prog/clion/bin/cmake/bin/cmake -E cmake_link_script CMakeFiles/cmTC_94786.dir/link.txt --verbose=1
/usr/bin/cc   -DCHECK_FUNCTION_EXISTS=pthread_create    CMakeFiles/cmTC_94786.dir/CheckFunctionExists.c.o  -o cmTC_94786 -rdynamic -lpthreads 
/usr/bin/ld: cannot find -lpthreads
collect2: error: ld returned 1 exit status
CMakeFiles/cmTC_94786.dir/build.make:97: recipe for target 'cmTC_94786' failed
make[1]: *** [cmTC_94786] Error 1
make[1]: Leaving directory '/home/nevo/ClionProjects/ex2AP/cmake-build-debug/CMakeFiles/CMakeTmp'
Makefile:126: recipe for target 'cmTC_94786/fast' failed
make: *** [cmTC_94786/fast] Error 2


